<?xml version="1.0" encoding="UTF-8"?>
<testng-results ignored="0" total="1" passed="1" failed="0" skipped="0">
  <reporter-output>
  </reporter-output>
  <suite started-at="2019-01-08T09:39:26Z" name="Default suite" finished-at="2019-01-08T09:40:29Z" duration-ms="62912">
    <groups>
    </groups>
    <test started-at="2019-01-08T09:39:26Z" name="Default test" finished-at="2019-01-08T09:40:29Z" duration-ms="62912">
      <class name="com.qa.qualitasGlobal.flipkart.testcases.ViewCartTest">
        <test-method is-config="true" signature="setUp()[pri:0, instance:com.qa.qualitasGlobal.flipkart.testcases.ViewCartTest@c333c60]" started-at="2019-01-08T09:39:26Z" name="setUp" finished-at="2019-01-08T09:40:11Z" duration-ms="45248" status="PASS">
          <reporter-output>
          </reporter-output>
        </test-method> <!-- setUp -->
        <test-method signature="varifyAddToCartTest()[pri:1, instance:com.qa.qualitasGlobal.flipkart.testcases.ViewCartTest@c333c60]" started-at="2019-01-08T09:40:11Z" name="varifyAddToCartTest" finished-at="2019-01-08T09:40:28Z" duration-ms="17492" status="PASS">
          <reporter-output>
          </reporter-output>
        </test-method> <!-- varifyAddToCartTest -->
        <test-method is-config="true" signature="tearDown()[pri:0, instance:com.qa.qualitasGlobal.flipkart.testcases.ViewCartTest@c333c60]" started-at="2019-01-08T09:40:28Z" name="tearDown" finished-at="2019-01-08T09:40:29Z" duration-ms="128" status="PASS">
          <reporter-output>
          </reporter-output>
        </test-method> <!-- tearDown -->
      </class> <!-- com.qa.qualitasGlobal.flipkart.testcases.ViewCartTest -->
    </test> <!-- Default test -->
  </suite> <!-- Default suite -->
</testng-results>
